objc[63022]: Class AXEmojiUtilities is implemented in both /Applications/Xcode.app/Contents/Developer/Platforms/iPhoneSimulator.platform/Developer/SDKs/iPhoneSimulator7.0.sdk/System/Library/PrivateFrameworks/AccessibilityUtilities.framework/AccessibilityUtilities and /Applications/Xcode.app/Contents/Developer/Platforms/iPhoneSimulator.platform/Developer/SDKs/iPhoneSimulator7.0.sdk/usr/lib/libAXSpeechManager.dylib. One of the two will be used. Which one is undefined.
2014-01-11 02:41:36.204 SignAnalysis[63022:80b] Cannot find executable for CFBundle 0xbe6b020 </Applications/Xcode.app/Contents/Developer/Platforms/iPhoneSimulator.platform/Developer/SDKs/iPhoneSimulator7.0.sdk/System/Library/AccessibilityBundles/CertUIFramework.axbundle> (not loaded)
2014-01-11 02:41:36.211 SignAnalysis[63022:80b] Cannot find executable for CFBundle 0xbd7d0e0 </Applications/Xcode.app/Contents/Developer/Platforms/iPhoneSimulator.platform/Developer/SDKs/iPhoneSimulator7.0.sdk/System/Library/AccessibilityBundles/MusicLibrary.axbundle> (not loaded)
2014-01-11 02:41:36.294 SignAnalysis[63022:80b] Cannot find executable for CFBundle 0xbbb98a0 </Applications/Xcode.app/Contents/Developer/Platforms/iPhoneSimulator.platform/Developer/SDKs/iPhoneSimulator7.0.sdk/System/Library/AccessibilityBundles/GeoServices.axbundle> (not loaded)
2014-01-11 02:41:36.358 SignAnalysis[63022:80b] Multi-tasking -> Device: YES, App: YES
2014-01-11 02:41:36.432 SignAnalysis[63022:80b] Unlimited access to network resources
2014-01-11 02:41:37.462 SignAnalysis[63022:80b] Resetting plugins due to page load.
2014-01-11 02:41:38.300 SignAnalysis[63022:80b] Finished load of: file:///Users/raguilera82/Library/Application%20Support/iPhone%20Simulator/7.0.3/Applications/17336BE3-CDC0-4A50-872F-95DCD908A95B/SignAnalysis.app/www/index.html
2014-01-11 02:42:30.926 SignAnalysis[63022:80b] Resetting plugins due to page load.
2014-01-11 02:42:31.173 SignAnalysis[63022:80b] Finished load of: file:///Users/raguilera82/Library/Application%20Support/iPhone%20Simulator/7.0.3/Applications/17336BE3-CDC0-4A50-872F-95DCD908A95B/SignAnalysis.app/www/index.html
objc[63723]: Class AXEmojiUtilities is implemented in both /Applications/Xcode.app/Contents/Developer/Platforms/iPhoneSimulator.platform/Developer/SDKs/iPhoneSimulator7.0.sdk/System/Library/PrivateFrameworks/AccessibilityUtilities.framework/AccessibilityUtilities and /Applications/Xcode.app/Contents/Developer/Platforms/iPhoneSimulator.platform/Developer/SDKs/iPhoneSimulator7.0.sdk/usr/lib/libAXSpeechManager.dylib. One of the two will be used. Which one is undefined.
2014-01-11 02:44:42.990 SignAnalysis[63723:80b] Cannot find executable for CFBundle 0xbb84560 </Applications/Xcode.app/Contents/Developer/Platforms/iPhoneSimulator.platform/Developer/SDKs/iPhoneSimulator7.0.sdk/System/Library/AccessibilityBundles/CertUIFramework.axbundle> (not loaded)
2014-01-11 02:44:43.016 SignAnalysis[63723:80b] Cannot find executable for CFBundle 0xbe8b820 </Applications/Xcode.app/Contents/Developer/Platforms/iPhoneSimulator.platform/Developer/SDKs/iPhoneSimulator7.0.sdk/System/Library/AccessibilityBundles/MusicLibrary.axbundle> (not loaded)
2014-01-11 02:44:43.076 SignAnalysis[63723:80b] Cannot find executable for CFBundle 0xbbac2f0 </Applications/Xcode.app/Contents/Developer/Platforms/iPhoneSimulator.platform/Developer/SDKs/iPhoneSimulator7.0.sdk/System/Library/AccessibilityBundles/GeoServices.axbundle> (not loaded)
2014-01-11 02:44:43.117 SignAnalysis[63723:80b] Multi-tasking -> Device: YES, App: YES
2014-01-11 02:44:43.128 SignAnalysis[63723:80b] Unlimited access to network resources
2014-01-11 02:44:43.375 SignAnalysis[63723:80b] Resetting plugins due to page load.
2014-01-11 02:44:43.454 SignAnalysis[63723:80b] Finished load of: file:///Users/raguilera82/Library/Application%20Support/iPhone%20Simulator/7.0.3/Applications/17336BE3-CDC0-4A50-872F-95DCD908A95B/SignAnalysis.app/www/index.html
2014-01-11 02:45:22.697 SignAnalysis[63723:80b] Resetting plugins due to page load.
2014-01-11 02:45:22.755 SignAnalysis[63723:80b] Finished load of: file:///Users/raguilera82/Library/Application%20Support/iPhone%20Simulator/7.0.3/Applications/17336BE3-CDC0-4A50-872F-95DCD908A95B/SignAnalysis.app/www/index.html
objc[64390]: Class AXEmojiUtilities is implemented in both /Applications/Xcode.app/Contents/Developer/Platforms/iPhoneSimulator.platform/Developer/SDKs/iPhoneSimulator7.0.sdk/System/Library/PrivateFrameworks/AccessibilityUtilities.framework/AccessibilityUtilities and /Applications/Xcode.app/Contents/Developer/Platforms/iPhoneSimulator.platform/Developer/SDKs/iPhoneSimulator7.0.sdk/usr/lib/libAXSpeechManager.dylib. One of the two will be used. Which one is undefined.
2014-01-11 02:46:49.750 SignAnalysis[64390:80b] Cannot find executable for CFBundle 0xbe2c070 </Applications/Xcode.app/Contents/Developer/Platforms/iPhoneSimulator.platform/Developer/SDKs/iPhoneSimulator7.0.sdk/System/Library/AccessibilityBundles/MusicLibrary.axbundle> (not loaded)
2014-01-11 02:46:49.779 SignAnalysis[64390:80b] Cannot find executable for CFBundle 0xbe5f850 </Applications/Xcode.app/Contents/Developer/Platforms/iPhoneSimulator.platform/Developer/SDKs/iPhoneSimulator7.0.sdk/System/Library/AccessibilityBundles/GeoServices.axbundle> (not loaded)
2014-01-11 02:46:49.831 SignAnalysis[64390:80b] Cannot find executable for CFBundle 0xbb4d120 </Applications/Xcode.app/Contents/Developer/Platforms/iPhoneSimulator.platform/Developer/SDKs/iPhoneSimulator7.0.sdk/System/Library/AccessibilityBundles/CertUIFramework.axbundle> (not loaded)
2014-01-11 02:46:50.034 SignAnalysis[64390:80b] Multi-tasking -> Device: YES, App: YES
2014-01-11 02:46:50.047 SignAnalysis[64390:80b] Unlimited access to network resources
2014-01-11 02:46:50.367 SignAnalysis[64390:80b] Resetting plugins due to page load.
2014-01-11 02:46:50.612 SignAnalysis[64390:80b] Finished load of: file:///Users/raguilera82/Library/Application%20Support/iPhone%20Simulator/7.0.3/Applications/17336BE3-CDC0-4A50-872F-95DCD908A95B/SignAnalysis.app/www/index.html
objc[65055]: Class AXEmojiUtilities is implemented in both /Applications/Xcode.app/Contents/Developer/Platforms/iPhoneSimulator.platform/Developer/SDKs/iPhoneSimulator7.0.sdk/System/Library/PrivateFrameworks/AccessibilityUtilities.framework/AccessibilityUtilities and /Applications/Xcode.app/Contents/Developer/Platforms/iPhoneSimulator.platform/Developer/SDKs/iPhoneSimulator7.0.sdk/usr/lib/libAXSpeechManager.dylib. One of the two will be used. Which one is undefined.
2014-01-11 02:50:03.095 SignAnalysis[65055:80b] Cannot find executable for CFBundle 0xbd8bd20 </Applications/Xcode.app/Contents/Developer/Platforms/iPhoneSimulator.platform/Developer/SDKs/iPhoneSimulator7.0.sdk/System/Library/AccessibilityBundles/GeoServices.axbundle> (not loaded)
2014-01-11 02:50:03.114 SignAnalysis[65055:80b] Cannot find executable for CFBundle 0xbe399f0 </Applications/Xcode.app/Contents/Developer/Platforms/iPhoneSimulator.platform/Developer/SDKs/iPhoneSimulator7.0.sdk/System/Library/AccessibilityBundles/MusicLibrary.axbundle> (not loaded)
2014-01-11 02:50:03.120 SignAnalysis[65055:80b] Cannot find executable for CFBundle 0xbc617c0 </Applications/Xcode.app/Contents/Developer/Platforms/iPhoneSimulator.platform/Developer/SDKs/iPhoneSimulator7.0.sdk/System/Library/AccessibilityBundles/CertUIFramework.axbundle> (not loaded)
2014-01-11 02:50:03.180 SignAnalysis[65055:80b] Multi-tasking -> Device: YES, App: YES
2014-01-11 02:50:03.192 SignAnalysis[65055:80b] Unlimited access to network resources
2014-01-11 02:50:03.410 SignAnalysis[65055:80b] Resetting plugins due to page load.
2014-01-11 02:50:03.697 SignAnalysis[65055:80b] Finished load of: file:///Users/raguilera82/Library/Application%20Support/iPhone%20Simulator/7.0.3/Applications/17336BE3-CDC0-4A50-872F-95DCD908A95B/SignAnalysis.app/www/index.html
objc[65715]: Class AXEmojiUtilities is implemented in both /Applications/Xcode.app/Contents/Developer/Platforms/iPhoneSimulator.platform/Developer/SDKs/iPhoneSimulator7.0.sdk/System/Library/PrivateFrameworks/AccessibilityUtilities.framework/AccessibilityUtilities and /Applications/Xcode.app/Contents/Developer/Platforms/iPhoneSimulator.platform/Developer/SDKs/iPhoneSimulator7.0.sdk/usr/lib/libAXSpeechManager.dylib. One of the two will be used. Which one is undefined.
2014-01-11 02:51:32.988 SignAnalysis[65715:80b] Cannot find executable for CFBundle 0xbcdd890 </Applications/Xcode.app/Contents/Developer/Platforms/iPhoneSimulator.platform/Developer/SDKs/iPhoneSimulator7.0.sdk/System/Library/AccessibilityBundles/MusicLibrary.axbundle> (not loaded)
2014-01-11 02:51:33.000 SignAnalysis[65715:80b] Cannot find executable for CFBundle 0xbbaa730 </Applications/Xcode.app/Contents/Developer/Platforms/iPhoneSimulator.platform/Developer/SDKs/iPhoneSimulator7.0.sdk/System/Library/AccessibilityBundles/GeoServices.axbundle> (not loaded)
2014-01-11 02:51:33.175 SignAnalysis[65715:80b] Cannot find executable for CFBundle 0xbce6f00 </Applications/Xcode.app/Contents/Developer/Platforms/iPhoneSimulator.platform/Developer/SDKs/iPhoneSimulator7.0.sdk/System/Library/AccessibilityBundles/CertUIFramework.axbundle> (not loaded)
2014-01-11 02:51:33.252 SignAnalysis[65715:80b] Multi-tasking -> Device: YES, App: YES
2014-01-11 02:51:33.264 SignAnalysis[65715:80b] Unlimited access to network resources
2014-01-11 02:51:33.515 SignAnalysis[65715:80b] Resetting plugins due to page load.
2014-01-11 02:51:33.596 SignAnalysis[65715:80b] Finished load of: file:///Users/raguilera82/Library/Application%20Support/iPhone%20Simulator/7.0.3/Applications/17336BE3-CDC0-4A50-872F-95DCD908A95B/SignAnalysis.app/www/index.html
objc[67019]: Class AXEmojiUtilities is implemented in both /Applications/Xcode.app/Contents/Developer/Platforms/iPhoneSimulator.platform/Developer/SDKs/iPhoneSimulator7.0.sdk/System/Library/PrivateFrameworks/AccessibilityUtilities.framework/AccessibilityUtilities and /Applications/Xcode.app/Contents/Developer/Platforms/iPhoneSimulator.platform/Developer/SDKs/iPhoneSimulator7.0.sdk/usr/lib/libAXSpeechManager.dylib. One of the two will be used. Which one is undefined.
2014-01-11 03:05:49.244 SignAnalysis[67019:80b] Cannot find executable for CFBundle 0xbc78e80 </Applications/Xcode.app/Contents/Developer/Platforms/iPhoneSimulator.platform/Developer/SDKs/iPhoneSimulator7.0.sdk/System/Library/AccessibilityBundles/GeoServices.axbundle> (not loaded)
2014-01-11 03:05:49.301 SignAnalysis[67019:80b] Cannot find executable for CFBundle 0xbe8eee0 </Applications/Xcode.app/Contents/Developer/Platforms/iPhoneSimulator.platform/Developer/SDKs/iPhoneSimulator7.0.sdk/System/Library/AccessibilityBundles/CertUIFramework.axbundle> (not loaded)
2014-01-11 03:05:49.312 SignAnalysis[67019:80b] Cannot find executable for CFBundle 0xbb81e80 </Applications/Xcode.app/Contents/Developer/Platforms/iPhoneSimulator.platform/Developer/SDKs/iPhoneSimulator7.0.sdk/System/Library/AccessibilityBundles/MusicLibrary.axbundle> (not loaded)
2014-01-11 03:05:49.371 SignAnalysis[67019:80b] Multi-tasking -> Device: YES, App: YES
2014-01-11 03:05:49.474 SignAnalysis[67019:80b] Unlimited access to network resources
2014-01-11 03:05:50.171 SignAnalysis[67019:80b] Resetting plugins due to page load.
2014-01-11 03:05:50.434 SignAnalysis[67019:80b] Finished load of: file:///Users/raguilera82/Library/Application%20Support/iPhone%20Simulator/7.0.3/Applications/17336BE3-CDC0-4A50-872F-95DCD908A95B/SignAnalysis.app/www/index.html
objc[82049]: Class AXEmojiUtilities is implemented in both /Applications/Xcode.app/Contents/Developer/Platforms/iPhoneSimulator.platform/Developer/SDKs/iPhoneSimulator7.0.sdk/System/Library/PrivateFrameworks/AccessibilityUtilities.framework/AccessibilityUtilities and /Applications/Xcode.app/Contents/Developer/Platforms/iPhoneSimulator.platform/Developer/SDKs/iPhoneSimulator7.0.sdk/usr/lib/libAXSpeechManager.dylib. One of the two will be used. Which one is undefined.
2014-01-12 02:29:39.933 SignAnalysis[82049:80b] Cannot find executable for CFBundle 0xbe49ce0 </Applications/Xcode.app/Contents/Developer/Platforms/iPhoneSimulator.platform/Developer/SDKs/iPhoneSimulator7.0.sdk/System/Library/AccessibilityBundles/GeoServices.axbundle> (not loaded)
2014-01-12 02:29:40.029 SignAnalysis[82049:80b] Cannot find executable for CFBundle 0xbd37140 </Applications/Xcode.app/Contents/Developer/Platforms/iPhoneSimulator.platform/Developer/SDKs/iPhoneSimulator7.0.sdk/System/Library/AccessibilityBundles/CertUIFramework.axbundle> (not loaded)
2014-01-12 02:29:40.045 SignAnalysis[82049:80b] Cannot find executable for CFBundle 0xbe5f4f0 </Applications/Xcode.app/Contents/Developer/Platforms/iPhoneSimulator.platform/Developer/SDKs/iPhoneSimulator7.0.sdk/System/Library/AccessibilityBundles/MusicLibrary.axbundle> (not loaded)
2014-01-12 02:29:40.244 SignAnalysis[82049:80b] Multi-tasking -> Device: YES, App: YES
2014-01-12 02:29:40.508 SignAnalysis[82049:80b] Unlimited access to network resources
2014-01-12 02:29:42.363 SignAnalysis[82049:80b] Resetting plugins due to page load.
2014-01-12 02:29:44.344 SignAnalysis[82049:80b] Finished load of: file:///Users/raguilera82/Library/Application%20Support/iPhone%20Simulator/7.0.3/Applications/17336BE3-CDC0-4A50-872F-95DCD908A95B/SignAnalysis.app/www/index.html
